-------------------------------------------------------------------------------
Test set: com.cuit.task_heandle.TaskHeandleApplicationTests
-------------------------------------------------------------------------------
Tests run: 1, Failures: 0, Errors: 1, Skipped: 0, Time elapsed: 0.849 s <<< FAILURE! - in com.cuit.task_heandle.TaskHeandleApplicationTests
contextLoads  Time elapsed: 0 s  <<< ERROR!
java.lang.IllegalStateException: Failed to load ApplicationContext
Caused by: org.springframework.beans.factory.BeanCreationException: Error creating bean with name 'optionsController': Injection of resource dependencies failed; nested exception is org.springframework.beans.factory.BeanCreationException: Error creating bean with name 'optionsServiceImpl': Injection of resource dependencies failed; nested exception is org.springframework.beans.factory.BeanCreationException: Error creating bean with name 'rpcImpl': Injection of resource dependencies failed; nested exception is org.springframework.beans.factory.BeanCreationException: Error creating bean with name 'hutoolImpl': Injection of autowired dependencies failed; nested exception is java.lang.IllegalArgumentException: Could not resolve placeholder 'forest.variables.baseUrl' in value "${forest.variables.baseUrl}"
Caused by: org.springframework.beans.factory.BeanCreationException: Error creating bean with name 'optionsServiceImpl': Injection of resource dependencies failed; nested exception is org.springframework.beans.factory.BeanCreationException: Error creating bean with name 'rpcImpl': Injection of resource dependencies failed; nested exception is org.springframework.beans.factory.BeanCreationException: Error creating bean with name 'hutoolImpl': Injection of autowired dependencies failed; nested exception is java.lang.IllegalArgumentException: Could not resolve placeholder 'forest.variables.baseUrl' in value "${forest.variables.baseUrl}"
Caused by: org.springframework.beans.factory.BeanCreationException: Error creating bean with name 'rpcImpl': Injection of resource dependencies failed; nested exception is org.springframework.beans.factory.BeanCreationException: Error creating bean with name 'hutoolImpl': Injection of autowired dependencies failed; nested exception is java.lang.IllegalArgumentException: Could not resolve placeholder 'forest.variables.baseUrl' in value "${forest.variables.baseUrl}"
Caused by: org.springframework.beans.factory.BeanCreationException: Error creating bean with name 'hutoolImpl': Injection of autowired dependencies failed; nested exception is java.lang.IllegalArgumentException: Could not resolve placeholder 'forest.variables.baseUrl' in value "${forest.variables.baseUrl}"
Caused by: java.lang.IllegalArgumentException: Could not resolve placeholder 'forest.variables.baseUrl' in value "${forest.variables.baseUrl}"

